SF:/home/fernando/source/repos/PII_recipes_Serialization_End/src/Library/Equipment.cs
FN:25,System.String Recipes.Equipment::get_Description()
FNDA:14,System.String Recipes.Equipment::get_Description()
DA:26,14
FN:27,System.Double Recipes.Equipment::get_HourlyCost()
FNDA:12,System.Double Recipes.Equipment::get_HourlyCost()
DA:28,12
FN:30,System.String Recipes.Equipment::ConvertToJson()
FNDA:1,System.String Recipes.Equipment::ConvertToJson()
DA:31,1
DA:32,1
DA:33,1
FN:35,System.Void Recipes.Equipment::LoadFromJson(System.String)
FNDA:1,System.Void Recipes.Equipment::LoadFromJson(System.String)
DA:36,1
DA:37,1
DA:38,1
DA:39,1
DA:40,1
FN:14,System.Void Recipes.Equipment::.ctor(System.String,System.Double)
FNDA:6,System.Void Recipes.Equipment::.ctor(System.String,System.Double)
DA:15,6
DA:16,6
DA:17,6
DA:18,6
DA:19,6
FN:20,System.Void Recipes.Equipment::.ctor(System.String)
FNDA:1,System.Void Recipes.Equipment::.ctor(System.String)
DA:21,1
DA:22,1
DA:23,1
DA:24,1
LF:19
LH:19
BRF:0
BRH:0
FNF:6
FNH:6
end_of_record
SF:/home/fernando/source/repos/PII_recipes_Serialization_End/src/Library/Product.cs
FN:24,System.String Recipes.Product::get_Description()
FNDA:15,System.String Recipes.Product::get_Description()
DA:25,15
FN:26,System.Double Recipes.Product::get_UnitCost()
FNDA:13,System.Double Recipes.Product::get_UnitCost()
DA:27,13
FN:29,System.String Recipes.Product::ConvertToJson()
FNDA:1,System.String Recipes.Product::ConvertToJson()
DA:30,1
DA:31,1
DA:32,1
FN:34,System.Void Recipes.Product::LoadFromJson(System.String)
FNDA:1,System.Void Recipes.Product::LoadFromJson(System.String)
DA:35,1
DA:36,1
DA:37,1
DA:38,1
DA:39,1
FN:14,System.Void Recipes.Product::.ctor(System.String,System.Double)
FNDA:6,System.Void Recipes.Product::.ctor(System.String,System.Double)
DA:15,6
DA:16,6
DA:17,6
DA:18,6
DA:19,6
FN:20,System.Void Recipes.Product::.ctor(System.String)
FNDA:1,System.Void Recipes.Product::.ctor(System.String)
DA:21,1
DA:22,1
DA:23,1
DA:24,1
LF:19
LH:19
BRF:0
BRH:0
FNF:6
FNH:6
end_of_record
SF:/home/fernando/source/repos/PII_recipes_Serialization_End/src/Library/Recipe.cs
FN:16,Recipes.Product Recipes.Recipe::get_FinalProduct()
FNDA:2,Recipes.Product Recipes.Recipe::get_FinalProduct()
DA:17,2
FN:19,System.Collections.ArrayList Recipes.Recipe::get_Steps()
FNDA:3,System.Collections.ArrayList Recipes.Recipe::get_Steps()
DA:20,3
FN:23,System.Void Recipes.Recipe::AddStep(Recipes.Step)
FNDA:1,System.Void Recipes.Recipe::AddStep(Recipes.Step)
DA:24,1
DA:25,1
DA:26,1
FN:28,System.Void Recipes.Recipe::RemoveStep(Recipes.Step)
FNDA:0,System.Void Recipes.Recipe::RemoveStep(Recipes.Step)
DA:29,0
DA:30,0
DA:31,0
FN:33,System.String Recipes.Recipe::ConvertToJson()
FNDA:1,System.String Recipes.Recipe::ConvertToJson()
DA:34,1
DA:35,1
DA:36,1
FN:38,System.Void Recipes.Recipe::LoadFromJson(System.String)
FNDA:0,System.Void Recipes.Recipe::LoadFromJson(System.String)
DA:39,0
DA:40,0
DA:41,0
DA:42,0
DA:43,0
DA:44,0
DA:45,0
BRDA:41,52,1,0
BRDA:41,52,0,0
LF:18
LH:8
BRF:2
BRH:0
FNF:6
FNH:4
end_of_record
SF:/home/fernando/source/repos/PII_recipes_Serialization_End/src/Library/Step.cs
FN:27,Recipes.Product Recipes.Step::get_Input()
FNDA:12,Recipes.Product Recipes.Step::get_Input()
DA:28,12
FN:29,System.Double Recipes.Step::get_Quantity()
FNDA:12,System.Double Recipes.Step::get_Quantity()
DA:30,12
FN:31,System.Int32 Recipes.Step::get_Time()
FNDA:12,System.Int32 Recipes.Step::get_Time()
DA:32,12
FN:33,Recipes.Equipment Recipes.Step::get_Equipment()
FNDA:12,Recipes.Equipment Recipes.Step::get_Equipment()
DA:34,12
FN:36,System.String Recipes.Step::ConvertToJson()
FNDA:1,System.String Recipes.Step::ConvertToJson()
DA:37,1
DA:38,1
DA:39,1
FN:41,System.Void Recipes.Step::LoadFromJson(System.String)
FNDA:2,System.Void Recipes.Step::LoadFromJson(System.String)
DA:42,2
DA:43,2
DA:44,2
DA:45,2
DA:46,2
DA:47,2
DA:48,2
FN:14,System.Void Recipes.Step::.ctor(Recipes.Product,System.Double,Recipes.Equipment,System.Int32)
FNDA:4,System.Void Recipes.Step::.ctor(Recipes.Product,System.Double,Recipes.Equipment,System.Int32)
DA:15,4
DA:16,4
DA:17,4
DA:18,4
DA:19,4
DA:20,4
DA:21,4
FN:22,System.Void Recipes.Step::.ctor(System.String)
FNDA:2,System.Void Recipes.Step::.ctor(System.String)
DA:23,2
DA:24,2
DA:25,2
DA:26,2
LF:25
LH:25
BRF:0
BRH:0
FNF:8
FNH:8
end_of_record